[debug] [2023-02-03T19:46:01.833Z] ----------------------------------------------------------------------
[debug] [2023-02-03T19:46:01.835Z] Command:       C:\Program Files\nodejs\node.exe C:\Users\nicol\AppData\Roaming\npm\node_modules\firebase-tools\lib\bin\firebase.js init
[debug] [2023-02-03T19:46:01.836Z] CLI Version:   11.21.0
[debug] [2023-02-03T19:46:01.836Z] Platform:      win32
[debug] [2023-02-03T19:46:01.836Z] Node Version:  v18.13.0
[debug] [2023-02-03T19:46:01.837Z] Time:          Fri Feb 03 2023 12:46:01 GMT-0700 (Mountain Standard Time)
[debug] [2023-02-03T19:46:01.837Z] ----------------------------------------------------------------------
[debug] 
[debug] [2023-02-03T19:46:01.841Z] >>> [apiv2][query] GET https://firebase-public.firebaseio.com/cli.json [none]
[debug] [2023-02-03T19:46:01.893Z] > command requires scopes: ["email","openid","https://www.googleapis.com/auth/cloudplatformprojects.readonly","https://www.googleapis.com/auth/firebase","https://www.googleapis.com/auth/cloud-platform"]
[debug] [2023-02-03T19:46:01.894Z] > authorizing via signed-in user (nicolasajoye@gmail.com)
[info] 
     ######## #### ########  ######## ########     ###     ######  ########
     ##        ##  ##     ## ##       ##     ##  ##   ##  ##       ##
     ######    ##  ########  ######   ########  #########  ######  ######
     ##        ##  ##    ##  ##       ##     ## ##     ##       ## ##
     ##       #### ##     ## ######## ########  ##     ##  ######  ########

You're about to initialize a Firebase project in this directory:

  C:\Users\nicol\OneDrive\Documents2\Coding Dojo\Github\Pre-Bootcamp-Public\Web_Fundamentals_Wks_1-2\Bounty_hunter_game

[debug] [2023-02-03T19:46:02.070Z] <<< [apiv2][status] GET https://firebase-public.firebaseio.com/cli.json 200
[debug] [2023-02-03T19:46:02.070Z] <<< [apiv2][body] GET https://firebase-public.firebaseio.com/cli.json {"cloudBuildErrorAfter":1594252800000,"cloudBuildWarnAfter":1590019200000,"defaultNode10After":1594252800000,"minVersion":"3.0.5","node8DeploysDisabledAfter":1613390400000,"node8RuntimeDisabledAfter":1615809600000,"node8WarnAfter":1600128000000}
[info] 
=== Project Setup
[info] 
[info] First, let's associate this project directory with a Firebase project.
[info] You can create multiple project aliases by running firebase use --add, 
[info] but for now we'll just set up a default project.
[info] 
[debug] [2023-02-03T19:46:35.843Z] > refreshing access token with scopes: []
[debug] [2023-02-03T19:46:35.844Z] >>> [apiv2][query] POST https://www.googleapis.com/oauth2/v3/token [none]
[debug] [2023-02-03T19:46:35.844Z] >>> [apiv2][body] POST https://www.googleapis.com/oauth2/v3/token [omitted]
[debug] [2023-02-03T19:46:35.985Z] <<< [apiv2][status] POST https://www.googleapis.com/oauth2/v3/token 200
[debug] [2023-02-03T19:46:35.985Z] <<< [apiv2][body] POST https://www.googleapis.com/oauth2/v3/token [omitted]
[debug] [2023-02-03T19:46:36.000Z] >>> [apiv2][query] GET https://firebase.googleapis.com/v1beta1/projects pageSize=100
[debug] [2023-02-03T19:46:36.639Z] <<< [apiv2][status] GET https://firebase.googleapis.com/v1beta1/projects 200
[debug] [2023-02-03T19:46:36.639Z] <<< [apiv2][body] GET https://firebase.googleapis.com/v1beta1/projects [omitted]
[info] i  Using project joye-app-7e662 (joye-app) 
[info] 
=== Hosting Setup
[info] 
[info] Your public directory is the folder (relative to your project directory) that
[info] will contain Hosting assets to be uploaded with firebase deploy. If you
[info] have a build process for your assets, use your build's output directory.
[info] 
